<?xml version="1.0" encoding="UTF-8"?>
<!-- Generated by org.testng.reporters.JUnitReportReporter -->
<testsuite hostname="PUNITP349827D" name="Testcases.Sample1" tests="3" failures="0" timestamp="3 May 2016 05:34:12 GMT" time="0.049" errors="0">
  <testcase name="changePwd" time="0.039" classname="Testcases.Sample1"/>
  <testcase name="login" time="0.002" classname="Testcases.Sample1"/>
  <testcase name="logout" time="0.008" classname="Testcases.Sample1"/>
</testsuite> <!-- Testcases.Sample1 -->
